<?xml version="1.0" encoding="UTF-8"?>
<testng-results ignored="0" total="2" passed="2" failed="0" skipped="0">
  <reporter-output>
  </reporter-output>
  <suite started-at="2022-08-02T18:14:59 IST" name="Default suite" finished-at="2022-08-02T18:15:07 IST" duration-ms="8613">
    <groups>
    </groups>
    <test started-at="2022-08-02T18:14:59 IST" name="Default test" finished-at="2022-08-02T18:15:07 IST" duration-ms="8613">
      <class name="DemoReports">
        <test-method is-config="true" signature="InitializeD()[pri:0, instance:DemoReports@51e69659]" started-at="2022-08-02T18:14:59 IST" name="InitializeD" finished-at="2022-08-02T18:15:01 IST" duration-ms="2296" status="PASS">
          <reporter-output>
          </reporter-output>
        </test-method> <!-- InitializeD -->
        <test-method is-config="true" signature="startTest()[pri:0, instance:DemoReports@51e69659]" started-at="2022-08-02T18:15:01 IST" name="startTest" finished-at="2022-08-02T18:15:01 IST" duration-ms="125" status="PASS">
          <reporter-output>
          </reporter-output>
        </test-method> <!-- startTest -->
        <test-method signature="extentReportsDemo()[pri:0, instance:DemoReports@51e69659]" started-at="2022-08-02T18:15:01 IST" name="extentReportsDemo" finished-at="2022-08-02T18:15:06 IST" duration-ms="4763" status="PASS">
          <reporter-output>
          </reporter-output>
        </test-method> <!-- extentReportsDemo -->
        <test-method signature="extentReportsDemoForG()[pri:0, instance:DemoReports@51e69659]" started-at="2022-08-02T18:15:06 IST" name="extentReportsDemoForG" finished-at="2022-08-02T18:15:07 IST" duration-ms="1123" status="PASS">
          <reporter-output>
          </reporter-output>
        </test-method> <!-- extentReportsDemoForG -->
        <test-method is-config="true" signature="endTest()[pri:0, instance:DemoReports@51e69659]" started-at="2022-08-02T18:15:07 IST" name="endTest" finished-at="2022-08-02T18:15:07 IST" duration-ms="266" status="PASS">
          <reporter-output>
          </reporter-output>
        </test-method> <!-- endTest -->
      </class> <!-- DemoReports -->
    </test> <!-- Default test -->
  </suite> <!-- Default suite -->
</testng-results>
